<?xml version="1.0" encoding="UTF-8"?>
<testsuite xmlns:xsi="http://www.w3.org/2001/XMLSchema-instance" xsi:noNamespaceSchemaLocation="https://maven.apache.org/surefire/maven-surefire-plugin/xsd/surefire-test-report-3.0.xsd" version="3.0" name="TestSuite" time="3.35" tests="3" errors="0" skipped="0" failures="0">
  <properties>
    <property name="gopherProxySet" value="false"/>
    <property name="awt.toolkit" value="sun.lwawt.macosx.LWCToolkit"/>
    <property name="java.specification.version" value="9"/>
    <property name="file.encoding.pkg" value="sun.io"/>
    <property name="sun.cpu.isalist" value=""/>
    <property name="sun.jnu.encoding" value="UTF-8"/>
    <property name="java.class.path" value="/Users/mrahman/develop/pnt/WebAutomationJuly2019/RestAPI/target/test-classes:/Users/mrahman/develop/pnt/WebAutomationJuly2019/RestAPI/target/classes:/Users/mrahman/.m2/repository/Web-Automation-Framework/Generic/1.0-SNAPSHOT/Generic-1.0-SNAPSHOT.jar:/Users/mrahman/.m2/repository/org/seleniumhq/selenium/selenium-java/3.141.59/selenium-java-3.141.59.jar:/Users/mrahman/.m2/repository/org/seleniumhq/selenium/selenium-api/3.141.59/selenium-api-3.141.59.jar:/Users/mrahman/.m2/repository/org/seleniumhq/selenium/selenium-chrome-driver/3.141.59/selenium-chrome-driver-3.141.59.jar:/Users/mrahman/.m2/repository/org/seleniumhq/selenium/selenium-edge-driver/3.141.59/selenium-edge-driver-3.141.59.jar:/Users/mrahman/.m2/repository/org/seleniumhq/selenium/selenium-firefox-driver/3.141.59/selenium-firefox-driver-3.141.59.jar:/Users/mrahman/.m2/repository/org/seleniumhq/selenium/selenium-ie-driver/3.141.59/selenium-ie-driver-3.141.59.jar:/Users/mrahman/.m2/repository/org/seleniumhq/selenium/selenium-opera-driver/3.141.59/selenium-opera-driver-3.141.59.jar:/Users/mrahman/.m2/repository/org/seleniumhq/selenium/selenium-remote-driver/3.141.59/selenium-remote-driver-3.141.59.jar:/Users/mrahman/.m2/repository/org/seleniumhq/selenium/selenium-safari-driver/3.141.59/selenium-safari-driver-3.141.59.jar:/Users/mrahman/.m2/repository/org/seleniumhq/selenium/selenium-support/3.141.59/selenium-support-3.141.59.jar:/Users/mrahman/.m2/repository/net/bytebuddy/byte-buddy/1.8.15/byte-buddy-1.8.15.jar:/Users/mrahman/.m2/repository/org/apache/commons/commons-exec/1.3/commons-exec-1.3.jar:/Users/mrahman/.m2/repository/com/google/guava/guava/25.0-jre/guava-25.0-jre.jar:/Users/mrahman/.m2/repository/com/google/code/findbugs/jsr305/1.3.9/jsr305-1.3.9.jar:/Users/mrahman/.m2/repository/org/checkerframework/checker-compat-qual/2.0.0/checker-compat-qual-2.0.0.jar:/Users/mrahman/.m2/repository/com/google/errorprone/error_prone_annotations/2.1.3/error_prone_annotations-2.1.3.jar:/Users/mrahman/.m2/repository/com/google/j2objc/j2objc-annotations/1.1/j2objc-annotations-1.1.jar:/Users/mrahman/.m2/repository/org/codehaus/mojo/animal-sniffer-annotations/1.14/animal-sniffer-annotations-1.14.jar:/Users/mrahman/.m2/repository/com/squareup/okhttp3/okhttp/3.11.0/okhttp-3.11.0.jar:/Users/mrahman/.m2/repository/com/squareup/okio/okio/1.14.0/okio-1.14.0.jar:/Users/mrahman/.m2/repository/org/seleniumhq/selenium/selenium-server/3.141.59/selenium-server-3.141.59.jar:/Users/mrahman/.m2/repository/com/beust/jcommander/1.72/jcommander-1.72.jar:/Users/mrahman/.m2/repository/net/jcip/jcip-annotations/1.0/jcip-annotations-1.0.jar:/Users/mrahman/.m2/repository/org/seleniumhq/selenium/jetty-repacked/9.4.12.v20180830/jetty-repacked-9.4.12.v20180830.jar:/Users/mrahman/.m2/repository/javax/servlet/javax.servlet-api/3.1.0/javax.servlet-api-3.1.0.jar:/Users/mrahman/.m2/repository/org/yaml/snakeyaml/1.19/snakeyaml-1.19.jar:/Users/mrahman/.m2/repository/org/testng/testng/7.0.0/testng-7.0.0.jar:/Users/mrahman/.m2/repository/org/mongodb/mongo-java-driver/3.6.0-beta1/mongo-java-driver-3.6.0-beta1.jar:/Users/mrahman/.m2/repository/mysql/mysql-connector-java/6.0.6/mysql-connector-java-6.0.6.jar:/Users/mrahman/.m2/repository/org/apache/poi/poi/3.17/poi-3.17.jar:/Users/mrahman/.m2/repository/commons-codec/commons-codec/1.10/commons-codec-1.10.jar:/Users/mrahman/.m2/repository/org/apache/commons/commons-collections4/4.1/commons-collections4-4.1.jar:/Users/mrahman/.m2/repository/com/aventstack/extentreports/3.0.7/extentreports-3.0.7.jar:/Users/mrahman/.m2/repository/org/freemarker/freemarker/2.3.23/freemarker-2.3.23.jar:/Users/mrahman/.m2/repository/org/mongodb/mongodb-driver/3.3.0/mongodb-driver-3.3.0.jar:/Users/mrahman/.m2/repository/org/mongodb/bson/3.3.0/bson-3.3.0.jar:/Users/mrahman/.m2/repository/org/mongodb/mongodb-driver-core/3.3.0/mongodb-driver-core-3.3.0.jar:/Users/mrahman/.m2/repository/org/apache/httpcomponents/httpclient/4.5.2/httpclient-4.5.2.jar:/Users/mrahman/.m2/repository/org/apache/httpcomponents/httpcore/4.4.4/httpcore-4.4.4.jar:/Users/mrahman/.m2/repository/commons-logging/commons-logging/1.2/commons-logging-1.2.jar:/Users/mrahman/.m2/repository/org/apache/httpcomponents/httpmime/4.5.2/httpmime-4.5.2.jar:/Users/mrahman/.m2/repository/org/jsoup/jsoup/1.9.2/jsoup-1.9.2.jar:/Users/mrahman/.m2/repository/com/google/code/gson/gson/2.8.0/gson-2.8.0.jar:/Users/mrahman/.m2/repository/com/relevantcodes/extentreports/2.41.1/extentreports-2.41.1.jar:/Users/mrahman/.m2/repository/org/xerial/sqlite-jdbc/3.8.11.1/sqlite-jdbc-3.8.11.1.jar:/Users/mrahman/.m2/repository/org/apache/commons/commons-lang3/3.0/commons-lang3-3.0.jar:/Users/mrahman/.m2/repository/commons-io/commons-io/2.5/commons-io-2.5.jar:/Users/mrahman/.m2/repository/io/rest-assured/rest-assured/4.1.2/rest-assured-4.1.2.jar:/Users/mrahman/.m2/repository/org/codehaus/groovy/groovy/2.5.8/groovy-2.5.8.jar:/Users/mrahman/.m2/repository/org/codehaus/groovy/groovy-xml/2.5.8/groovy-xml-2.5.8.jar:/Users/mrahman/.m2/repository/org/hamcrest/hamcrest/2.1/hamcrest-2.1.jar:/Users/mrahman/.m2/repository/org/ccil/cowan/tagsoup/tagsoup/1.2.1/tagsoup-1.2.1.jar:/Users/mrahman/.m2/repository/io/rest-assured/json-path/4.1.2/json-path-4.1.2.jar:/Users/mrahman/.m2/repository/org/codehaus/groovy/groovy-json/2.5.8/groovy-json-2.5.8.jar:/Users/mrahman/.m2/repository/io/rest-assured/rest-assured-common/4.1.2/rest-assured-common-4.1.2.jar:/Users/mrahman/.m2/repository/io/rest-assured/xml-path/4.1.2/xml-path-4.1.2.jar:/Users/mrahman/.m2/repository/javax/xml/bind/jaxb-api/2.3.1/jaxb-api-2.3.1.jar:/Users/mrahman/.m2/repository/javax/activation/javax.activation-api/1.2.0/javax.activation-api-1.2.0.jar:/Users/mrahman/.m2/repository/com/sun/xml/bind/jaxb-osgi/2.3.0.1/jaxb-osgi-2.3.0.1.jar:/Users/mrahman/.m2/repository/org/apache/sling/org.apache.sling.javax.activation/0.1.0/org.apache.sling.javax.activation-0.1.0.jar:/Users/mrahman/.m2/repository/javax/activation/activation/1.1.1/activation-1.1.1.jar:"/>
    <property name="java.vm.vendor" value="Oracle Corporation"/>
    <property name="sun.arch.data.model" value="64"/>
    <property name="java.vendor.url" value="http://java.oracle.com/"/>
    <property name="user.timezone" value=""/>
    <property name="java.vm.specification.version" value="9"/>
    <property name="os.name" value="Mac OS X"/>
    <property name="sun.java.launcher" value="SUN_STANDARD"/>
    <property name="user.country" value="US"/>
    <property name="sun.boot.library.path" value="/Library/Java/JavaVirtualMachines/jdk-9.0.4.jdk/Contents/Home/lib"/>
    <property name="sun.java.command" value="/Users/mrahman/develop/pnt/WebAutomationJuly2019/RestAPI/target/surefire/surefirebooter7579598759198990937.jar /Users/mrahman/develop/pnt/WebAutomationJuly2019/RestAPI/target/surefire 2019-10-06T10-46-26_108-jvmRun1 surefire14151739044969836652tmp surefire_0123240827247954466tmp"/>
    <property name="http.nonProxyHosts" value="local|*.local|169.254/16|*.169.254/16"/>
    <property name="jdk.debug" value="release"/>
    <property name="surefire.test.class.path" value="/Users/mrahman/develop/pnt/WebAutomationJuly2019/RestAPI/target/test-classes:/Users/mrahman/develop/pnt/WebAutomationJuly2019/RestAPI/target/classes:/Users/mrahman/.m2/repository/Web-Automation-Framework/Generic/1.0-SNAPSHOT/Generic-1.0-SNAPSHOT.jar:/Users/mrahman/.m2/repository/org/seleniumhq/selenium/selenium-java/3.141.59/selenium-java-3.141.59.jar:/Users/mrahman/.m2/repository/org/seleniumhq/selenium/selenium-api/3.141.59/selenium-api-3.141.59.jar:/Users/mrahman/.m2/repository/org/seleniumhq/selenium/selenium-chrome-driver/3.141.59/selenium-chrome-driver-3.141.59.jar:/Users/mrahman/.m2/repository/org/seleniumhq/selenium/selenium-edge-driver/3.141.59/selenium-edge-driver-3.141.59.jar:/Users/mrahman/.m2/repository/org/seleniumhq/selenium/selenium-firefox-driver/3.141.59/selenium-firefox-driver-3.141.59.jar:/Users/mrahman/.m2/repository/org/seleniumhq/selenium/selenium-ie-driver/3.141.59/selenium-ie-driver-3.141.59.jar:/Users/mrahman/.m2/repository/org/seleniumhq/selenium/selenium-opera-driver/3.141.59/selenium-opera-driver-3.141.59.jar:/Users/mrahman/.m2/repository/org/seleniumhq/selenium/selenium-remote-driver/3.141.59/selenium-remote-driver-3.141.59.jar:/Users/mrahman/.m2/repository/org/seleniumhq/selenium/selenium-safari-driver/3.141.59/selenium-safari-driver-3.141.59.jar:/Users/mrahman/.m2/repository/org/seleniumhq/selenium/selenium-support/3.141.59/selenium-support-3.141.59.jar:/Users/mrahman/.m2/repository/net/bytebuddy/byte-buddy/1.8.15/byte-buddy-1.8.15.jar:/Users/mrahman/.m2/repository/org/apache/commons/commons-exec/1.3/commons-exec-1.3.jar:/Users/mrahman/.m2/repository/com/google/guava/guava/25.0-jre/guava-25.0-jre.jar:/Users/mrahman/.m2/repository/com/google/code/findbugs/jsr305/1.3.9/jsr305-1.3.9.jar:/Users/mrahman/.m2/repository/org/checkerframework/checker-compat-qual/2.0.0/checker-compat-qual-2.0.0.jar:/Users/mrahman/.m2/repository/com/google/errorprone/error_prone_annotations/2.1.3/error_prone_annotations-2.1.3.jar:/Users/mrahman/.m2/repository/com/google/j2objc/j2objc-annotations/1.1/j2objc-annotations-1.1.jar:/Users/mrahman/.m2/repository/org/codehaus/mojo/animal-sniffer-annotations/1.14/animal-sniffer-annotations-1.14.jar:/Users/mrahman/.m2/repository/com/squareup/okhttp3/okhttp/3.11.0/okhttp-3.11.0.jar:/Users/mrahman/.m2/repository/com/squareup/okio/okio/1.14.0/okio-1.14.0.jar:/Users/mrahman/.m2/repository/org/seleniumhq/selenium/selenium-server/3.141.59/selenium-server-3.141.59.jar:/Users/mrahman/.m2/repository/com/beust/jcommander/1.72/jcommander-1.72.jar:/Users/mrahman/.m2/repository/net/jcip/jcip-annotations/1.0/jcip-annotations-1.0.jar:/Users/mrahman/.m2/repository/org/seleniumhq/selenium/jetty-repacked/9.4.12.v20180830/jetty-repacked-9.4.12.v20180830.jar:/Users/mrahman/.m2/repository/javax/servlet/javax.servlet-api/3.1.0/javax.servlet-api-3.1.0.jar:/Users/mrahman/.m2/repository/org/yaml/snakeyaml/1.19/snakeyaml-1.19.jar:/Users/mrahman/.m2/repository/org/testng/testng/7.0.0/testng-7.0.0.jar:/Users/mrahman/.m2/repository/org/mongodb/mongo-java-driver/3.6.0-beta1/mongo-java-driver-3.6.0-beta1.jar:/Users/mrahman/.m2/repository/mysql/mysql-connector-java/6.0.6/mysql-connector-java-6.0.6.jar:/Users/mrahman/.m2/repository/org/apache/poi/poi/3.17/poi-3.17.jar:/Users/mrahman/.m2/repository/commons-codec/commons-codec/1.10/commons-codec-1.10.jar:/Users/mrahman/.m2/repository/org/apache/commons/commons-collections4/4.1/commons-collections4-4.1.jar:/Users/mrahman/.m2/repository/com/aventstack/extentreports/3.0.7/extentreports-3.0.7.jar:/Users/mrahman/.m2/repository/org/freemarker/freemarker/2.3.23/freemarker-2.3.23.jar:/Users/mrahman/.m2/repository/org/mongodb/mongodb-driver/3.3.0/mongodb-driver-3.3.0.jar:/Users/mrahman/.m2/repository/org/mongodb/bson/3.3.0/bson-3.3.0.jar:/Users/mrahman/.m2/repository/org/mongodb/mongodb-driver-core/3.3.0/mongodb-driver-core-3.3.0.jar:/Users/mrahman/.m2/repository/org/apache/httpcomponents/httpclient/4.5.2/httpclient-4.5.2.jar:/Users/mrahman/.m2/repository/org/apache/httpcomponents/httpcore/4.4.4/httpcore-4.4.4.jar:/Users/mrahman/.m2/repository/commons-logging/commons-logging/1.2/commons-logging-1.2.jar:/Users/mrahman/.m2/repository/org/apache/httpcomponents/httpmime/4.5.2/httpmime-4.5.2.jar:/Users/mrahman/.m2/repository/org/jsoup/jsoup/1.9.2/jsoup-1.9.2.jar:/Users/mrahman/.m2/repository/com/google/code/gson/gson/2.8.0/gson-2.8.0.jar:/Users/mrahman/.m2/repository/com/relevantcodes/extentreports/2.41.1/extentreports-2.41.1.jar:/Users/mrahman/.m2/repository/org/xerial/sqlite-jdbc/3.8.11.1/sqlite-jdbc-3.8.11.1.jar:/Users/mrahman/.m2/repository/org/apache/commons/commons-lang3/3.0/commons-lang3-3.0.jar:/Users/mrahman/.m2/repository/commons-io/commons-io/2.5/commons-io-2.5.jar:/Users/mrahman/.m2/repository/io/rest-assured/rest-assured/4.1.2/rest-assured-4.1.2.jar:/Users/mrahman/.m2/repository/org/codehaus/groovy/groovy/2.5.8/groovy-2.5.8.jar:/Users/mrahman/.m2/repository/org/codehaus/groovy/groovy-xml/2.5.8/groovy-xml-2.5.8.jar:/Users/mrahman/.m2/repository/org/hamcrest/hamcrest/2.1/hamcrest-2.1.jar:/Users/mrahman/.m2/repository/org/ccil/cowan/tagsoup/tagsoup/1.2.1/tagsoup-1.2.1.jar:/Users/mrahman/.m2/repository/io/rest-assured/json-path/4.1.2/json-path-4.1.2.jar:/Users/mrahman/.m2/repository/org/codehaus/groovy/groovy-json/2.5.8/groovy-json-2.5.8.jar:/Users/mrahman/.m2/repository/io/rest-assured/rest-assured-common/4.1.2/rest-assured-common-4.1.2.jar:/Users/mrahman/.m2/repository/io/rest-assured/xml-path/4.1.2/xml-path-4.1.2.jar:/Users/mrahman/.m2/repository/javax/xml/bind/jaxb-api/2.3.1/jaxb-api-2.3.1.jar:/Users/mrahman/.m2/repository/javax/activation/javax.activation-api/1.2.0/javax.activation-api-1.2.0.jar:/Users/mrahman/.m2/repository/com/sun/xml/bind/jaxb-osgi/2.3.0.1/jaxb-osgi-2.3.0.1.jar:/Users/mrahman/.m2/repository/org/apache/sling/org.apache.sling.javax.activation/0.1.0/org.apache.sling.javax.activation-0.1.0.jar:/Users/mrahman/.m2/repository/javax/activation/activation/1.1.1/activation-1.1.1.jar:"/>
    <property name="sun.cpu.endian" value="little"/>
    <property name="user.home" value="/Users/mrahman"/>
    <property name="user.language" value="en"/>
    <property name="java.specification.vendor" value="Oracle Corporation"/>
    <property name="java.home" value="/Library/Java/JavaVirtualMachines/jdk-9.0.4.jdk/Contents/Home"/>
    <property name="file.separator" value="/"/>
    <property name="basedir" value="/Users/mrahman/develop/pnt/WebAutomationJuly2019/RestAPI"/>
    <property name="java.vm.compressedOopsMode" value="Zero based"/>
    <property name="line.separator" value="&#10;"/>
    <property name="java.specification.name" value="Java Platform API Specification"/>
    <property name="java.vm.specification.vendor" value="Oracle Corporation"/>
    <property name="java.awt.graphicsenv" value="sun.awt.CGraphicsEnvironment"/>
    <property name="surefire.real.class.path" value="/Users/mrahman/develop/pnt/WebAutomationJuly2019/RestAPI/target/surefire/surefirebooter7579598759198990937.jar"/>
    <property name="sun.management.compiler" value="HotSpot 64-Bit Tiered Compilers"/>
    <property name="ftp.nonProxyHosts" value="local|*.local|169.254/16|*.169.254/16"/>
    <property name="java.runtime.version" value="9.0.4+11"/>
    <property name="user.name" value="mrahman"/>
    <property name="path.separator" value=":"/>
    <property name="os.version" value="10.12.1"/>
    <property name="java.runtime.name" value="Java(TM) SE Runtime Environment"/>
    <property name="file.encoding" value="UTF-8"/>
    <property name="java.vm.name" value="Java HotSpot(TM) 64-Bit Server VM"/>
    <property name="localRepository" value="/Users/mrahman/.m2/repository"/>
    <property name="java.vendor.url.bug" value="http://bugreport.java.com/bugreport/"/>
    <property name="java.io.tmpdir" value="/var/folders/f0/pp1t4wh50hz6rgpk9mhkxc2h0000gn/T/"/>
    <property name="java.version" value="9.0.4"/>
    <property name="user.dir" value="/Users/mrahman/develop/pnt/WebAutomationJuly2019/RestAPI"/>
    <property name="os.arch" value="x86_64"/>
    <property name="java.vm.specification.name" value="Java Virtual Machine Specification"/>
    <property name="java.awt.printerjob" value="sun.lwawt.macosx.CPrinterJob"/>
    <property name="sun.os.patch.level" value="unknown"/>
    <property name="java.library.path" value="/Users/mrahman/Library/Java/Extensions:/Library/Java/Extensions:/Network/Library/Java/Extensions:/System/Library/Java/Extensions:/usr/lib/java:."/>
    <property name="java.vm.info" value="mixed mode"/>
    <property name="java.vendor" value="Oracle Corporation"/>
    <property name="java.vm.version" value="9.0.4+11"/>
    <property name="sun.io.unicode.encoding" value="UnicodeBig"/>
    <property name="java.class.version" value="53.0"/>
    <property name="socksNonProxyHosts" value="local|*.local|169.254/16|*.169.254/16"/>
  </properties>
  <testcase name="callSingleEmployeeResources" classname="SingleEmployeeAPI" time="2.089"/>
  <testcase name="badCallAllEmployeeResources" classname="AllEmployeeAPI" time="0.196"/>
  <testcase name="callAllEmployeeResources" classname="AllEmployeeAPI" time="0.257"/>
</testsuite>