<?xml version="1.0" encoding="UTF-8"?>
<!-- Generated by org.testng.reporters.JUnitReportReporter -->
<testsuite skipped="0" hostname="PeopleNTechs-iMac.local" name="dropdown.TestDropDown" tests="1" failures="0" timestamp="2019-09-28T12:33:46 EDT" time="32.935" errors="0">
  <testcase name="dropDownData" time="32.935" classname="dropdown.TestDropDown"/>
</testsuite> <!-- dropdown.TestDropDown -->
