<?xml version="1.0" encoding="UTF-8"?>
<!-- Generated by org.testng.reporters.JUnitReportReporter -->
<testsuite skipped="0" hostname="PeopleNTechs-iMac.local" name="home.TestHome" tests="1" failures="0" timestamp="2019-09-21T10:08:12 EDT" time="17.258" errors="0">
  <testcase name="test1" time="17.258" classname="home.TestHome"/>
</testsuite> <!-- home.TestHome -->
