<?xml version="1.0" encoding="UTF-8"?>
<!-- Generated by org.testng.reporters.JUnitReportReporter -->
<testsuite skipped="0" hostname="PeopleNTechs-iMac.local" name="home.TestNews" tests="1" failures="0" timestamp="2019-09-21T10:08:55 EDT" time="42.327" errors="0">
  <testcase name="test1" time="42.327" classname="home.TestNews"/>
</testsuite> <!-- home.TestNews -->
