<?xml version="1.0" encoding="UTF-8"?>
<!-- Generated by org.testng.reporters.JUnitReportReporter -->
<testsuite skipped="0" hostname="matiurs-MacBook-Pro.local" name="authentication.TestPopUpWindow" tests="1" failures="0" timestamp="2019-09-29T11:15:56 EDT" time="17.427" errors="0">
  <testcase name="testPopUp" time="17.427" classname="authentication.TestPopUpWindow"/>
</testsuite> <!-- authentication.TestPopUpWindow -->
