<?xml version="1.0" encoding="UTF-8"?>
<!-- Generated by org.testng.reporters.JUnitReportReporter -->
<testsuite hostname="matiurs-MacBook-Pro.local" failures="0" tests="1" name="SingleEmployeeAPI" time="2.088" errors="0" timestamp="2019-10-06T10:46:33 EDT" skipped="0">
  <testcase classname="SingleEmployeeAPI" name="callSingleEmployeeResources" time="2.088"/>
</testsuite> <!-- SingleEmployeeAPI -->
