<?xml version="1.0" encoding="UTF-8"?>
<!-- Generated by org.testng.reporters.JUnitReportReporter -->
<testsuite hostname="matiurs-MacBook-Pro.local" failures="0" tests="2" name="AllEmployeeAPI" time="0.429" errors="0" timestamp="2019-10-06T10:46:33 EDT" skipped="0">
  <testcase classname="AllEmployeeAPI" name="badCallAllEmployeeResources" time="0.196"/>
  <testcase classname="AllEmployeeAPI" name="callAllEmployeeResources" time="0.233"/>
</testsuite> <!-- AllEmployeeAPI -->
